# JRE version: OpenJDK Runtime Environment (8.0_152-b02) (build 1.8.0_152-release-1024-b02)
# Java VM: OpenJDK 64-Bit Server VM (25.152-b02 mixed mode windows-amd64 compressed oops)
Heap:
 PSYoungGen      total 132096K, used 25101K [0x00000000e0000000, 0x00000000eb000000, 0x0000000100000000)
  eden space 120832K, 11% used [0x00000000e0000000,0x00000000e0d88168,0x00000000e7600000)
  from space 11264K, 99% used [0x00000000e7600000,0x00000000e80fb5c0,0x00000000e8100000)
  to   space 14848K, 0% used [0x00000000ea180000,0x00000000ea180000,0x00000000eb000000)
 ParOldGen       total 80896K, used 21171K [0x00000000a0000000, 0x00000000a4f00000, 0x00000000e0000000)
  object space 80896K, 26% used [0x00000000a0000000,0x00000000a14acd80,0x00000000a4f00000)
 Metaspace       used 50635K, capacity 52214K, committed 52480K, reserved 1093632K
  class space    used 6945K, capacity 7344K, committed 7424K, reserved 1048576K
GC Heap History (10 events):
Event: 6.373 GC heap before
{Heap before GC invocations=9 (full 1):
 PSYoungGen      total 69632K, used 66069K [0x00000000e0000000, 0x00000000e6880000, 0x0000000100000000)
  eden space 59392K, 100% used [0x00000000e0000000,0x00000000e3a00000,0x00000000e3a00000)
  from space 10240K, 65% used [0x00000000e3a00000,0x00000000e40856d8,0x00000000e4400000)
  to   space 9728K, 0% used [0x00000000e5f00000,0x00000000e5f00000,0x00000000e6880000)
 ParOldGen       total 56320K, used 8240K [0x00000000a0000000, 0x00000000a3700000, 0x00000000e0000000)
  object space 56320K, 14% used [0x00000000a0000000,0x00000000a080c1d0,0x00000000a3700000)
 Metaspace       used 33035K, capacity 33762K, committed 34048K, reserved 1079296K
  class space    used 4607K, capacity 4833K, committed 4864K, reserved 1048576K
Event: 6.395 GC heap after
Heap after GC invocations=9 (full 1):
 PSYoungGen      total 95744K, used 9702K [0x00000000e0000000, 0x00000000e7300000, 0x0000000100000000)
  eden space 86016K, 0% used [0x00000000e0000000,0x00000000e0000000,0x00000000e5400000)
  from space 9728K, 99% used [0x00000000e5f00000,0x00000000e6879998,0x00000000e6880000)
  to   space 11264K, 0% used [0x00000000e5400000,0x00000000e5400000,0x00000000e5f00000)
 ParOldGen       total 56320K, used 8868K [0x00000000a0000000, 0x00000000a3700000, 0x00000000e0000000)
  object space 56320K, 15% used [0x00000000a0000000,0x00000000a08a92a8,0x00000000a3700000)
 Metaspace       used 33035K, capacity 33762K, committed 34048K, reserved 1079296K
  class space    used 4607K, capacity 4833K, committed 4864K, reserved 1048576K
}
Event: 6.556 GC heap before
{Heap before GC invocations=10 (full 1):
 PSYoungGen      total 95744K, used 20482K [0x00000000e0000000, 0x00000000e7300000, 0x0000000100000000)
  eden space 86016K, 12% used [0x00000000e0000000,0x00000000e0a86f88,0x00000000e5400000)
  from space 9728K, 99% used [0x00000000e5f00000,0x00000000e6879998,0x00000000e6880000)
  to   space 11264K, 0% used [0x00000000e5400000,0x00000000e5400000,0x00000000e5f00000)
 ParOldGen       total 56320K, used 8868K [0x00000000a0000000, 0x00000000a3700000, 0x00000000e0000000)
  object space 56320K, 15% used [0x00000000a0000000,0x00000000a08a92a8,0x00000000a3700000)
 Metaspace       used 34574K, capacity 35266K, committed 35416K, reserved 1079296K
  class space    used 4768K, capacity 4993K, committed 5120K, reserved 1048576K
Event: 6.574 GC heap after
Heap after GC invocations=10 (full 1):
 PSYoungGen      total 97280K, used 6900K [0x00000000e0000000, 0x00000000e8d80000, 0x0000000100000000)
  eden space 86016K, 0% used [0x00000000e0000000,0x00000000e0000000,0x00000000e5400000)
  from space 11264K, 61% used [0x00000000e5400000,0x00000000e5abd158,0x00000000e5f00000)
  to   space 10752K, 0% used [0x00000000e8300000,0x00000000e8300000,0x00000000e8d80000)
 ParOldGen       total 56320K, used 10488K [0x00000000a0000000, 0x00000000a3700000, 0x00000000e0000000)
  object space 56320K, 18% used [0x00000000a0000000,0x00000000a0a3e348,0x00000000a3700000)
 Metaspace       used 34574K, capacity 35266K, committed 35416K, reserved 1079296K
  class space    used 4768K, capacity 4993K, committed 5120K, reserved 1048576K
}
Event: 6.574 GC heap before
{Heap before GC invocations=11 (full 2):
 PSYoungGen      total 97280K, used 6900K [0x00000000e0000000, 0x00000000e8d80000, 0x0000000100000000)
  eden space 86016K, 0% used [0x00000000e0000000,0x00000000e0000000,0x00000000e5400000)
  from space 11264K, 61% used [0x00000000e5400000,0x00000000e5abd158,0x00000000e5f00000)
  to   space 10752K, 0% used [0x00000000e8300000,0x00000000e8300000,0x00000000e8d80000)
 ParOldGen       total 56320K, used 10488K [0x00000000a0000000, 0x00000000a3700000, 0x00000000e0000000)
  object space 56320K, 18% used [0x00000000a0000000,0x00000000a0a3e348,0x00000000a3700000)
 Metaspace       used 34574K, capacity 35266K, committed 35416K, reserved 1079296K
  class space    used 4768K, capacity 4993K, committed 5120K, reserved 1048576K
Event: 6.683 GC heap after
Heap after GC invocations=11 (full 2):
 PSYoungGen      total 97280K, used 0K [0x00000000e0000000, 0x00000000e8d80000, 0x0000000100000000)
  eden space 86016K, 0% used [0x00000000e0000000,0x00000000e0000000,0x00000000e5400000)
  from space 11264K, 0% used [0x00000000e5400000,0x00000000e5400000,0x00000000e5f00000)
  to   space 10752K, 0% used [0x00000000e8300000,0x00000000e8300000,0x00000000e8d80000)
 ParOldGen       total 80896K, used 15191K [0x00000000a0000000, 0x00000000a4f00000, 0x00000000e0000000)
  object space 80896K, 18% used [0x00000000a0000000,0x00000000a0ed5fc0,0x00000000a4f00000)
 Metaspace       used 34574K, capacity 35266K, committed 35416K, reserved 1079296K
  class space    used 4768K, capacity 4993K, committed 5120K, reserved 1048576K
}
Event: 7.661 GC heap before
{Heap before GC invocations=12 (full 2):
 PSYoungGen      total 97280K, used 86016K [0x00000000e0000000, 0x00000000e8d80000, 0x0000000100000000)
  eden space 86016K, 100% used [0x00000000e0000000,0x00000000e5400000,0x00000000e5400000)
  from space 11264K, 0% used [0x00000000e5400000,0x00000000e5400000,0x00000000e5f00000)
  to   space 10752K, 0% used [0x00000000e8300000,0x00000000e8300000,0x00000000e8d80000)
 ParOldGen       total 80896K, used 15191K [0x00000000a0000000, 0x00000000a4f00000, 0x00000000e0000000)
  object space 80896K, 18% used [0x00000000a0000000,0x00000000a0ed5fc0,0x00000000a4f00000)
 Metaspace       used 39860K, capacity 40696K, committed 41088K, reserved 1085440K
  class space    used 5417K, capacity 5686K, committed 5760K, reserved 1048576K
Event: 7.682 GC heap after
Heap after GC invocations=12 (full 2):
 PSYoungGen      total 124416K, used 9180K [0x00000000e0000000, 0x00000000e8c00000, 0x0000000100000000)
  eden space 115200K, 0% used [0x00000000e0000000,0x00000000e0000000,0x00000000e7080000)
  from space 9216K, 99% used [0x00000000e8300000,0x00000000e8bf7148,0x00000000e8c00000)
  to   space 11264K, 0% used [0x00000000e7600000,0x00000000e7600000,0x00000000e8100000)
 ParOldGen       total 80896K, used 15199K [0x00000000a0000000, 0x00000000a4f00000, 0x00000000e0000000)
  object space 80896K, 18% used [0x00000000a0000000,0x00000000a0ed7fc0,0x00000000a4f00000)
 Metaspace       used 39860K, capacity 40696K, committed 41088K, reserved 1085440K
  class space    used 5417K, capacity 5686K, committed 5760K, reserved 1048576K
}
Event: 9.475 GC heap before
{Heap before GC invocations=13 (full 2):
 PSYoungGen      total 124416K, used 124380K [0x00000000e0000000, 0x00000000e8c00000, 0x0000000100000000)
  eden space 115200K, 100% used [0x00000000e0000000,0x00000000e7080000,0x00000000e7080000)
  from space 9216K, 99% used [0x00000000e8300000,0x00000000e8bf7148,0x00000000e8c00000)
  to   space 11264K, 0% used [0x00000000e7600000,0x00000000e7600000,0x00000000e8100000)
 ParOldGen       total 80896K, used 15199K [0x00000000a0000000, 0x00000000a4f00000, 0x00000000e0000000)
  object space 80896K, 18% used [0x00000000a0000000,0x00000000a0ed7fc0,0x00000000a4f00000)
 Metaspace       used 49838K, capacity 51234K, committed 51456K, reserved 1093632K
  class space    used 6816K, capacity 7160K, committed 7168K, reserved 1048576K
Event: 9.495 GC heap after
Heap after GC invocations=13 (full 2):
 PSYoungGen      total 132096K, used 11245K [0x00000000e0000000, 0x00000000eb000000, 0x0000000100000000)
  eden space 120832K, 0% used [0x00000000e0000000,0x00000000e0000000,0x00000000e7600000)
  from space 11264K, 99% used [0x00000000e7600000,0x00000000e80fb5c0,0x00000000e8100000)
  to   space 14848K, 0% used [0x00000000ea180000,0x00000000ea180000,0x00000000eb000000)
 ParOldGen       total 80896K, used 21171K [0x00000000a0000000, 0x00000000a4f00000, 0x00000000e0000000)
  object space 80896K, 26% used [0x00000000a0000000,0x00000000a14acd80,0x00000000a4f00000)
 Metaspace       used 49838K, capacity 51234K, committed 51456K, reserved 1093632K
  class space    used 6816K, capacity 7160K, committed 7168K, reserved 1048576K
}

