# JRE version: OpenJDK Runtime Environment (8.0_152-b02) (build 1.8.0_152-release-1024-b02)
# Java VM: OpenJDK 64-Bit Server VM (25.152-b02 mixed mode windows-amd64 compressed oops)
Heap:
 PSYoungGen      total 97792K, used 4933K [0x00000000e0000000, 0x00000000e8080000, 0x0000000100000000)
  eden space 82432K, 5% used [0x00000000e0000000,0x00000000e04d1720,0x00000000e5080000)
  from space 15360K, 0% used [0x00000000e5080000,0x00000000e5080000,0x00000000e5f80000)
  to   space 15360K, 0% used [0x00000000e7180000,0x00000000e7180000,0x00000000e8080000)
 ParOldGen       total 141312K, used 33090K [0x00000000a0000000, 0x00000000a8a00000, 0x00000000e0000000)
  object space 141312K, 23% used [0x00000000a0000000,0x00000000a2050a38,0x00000000a8a00000)
 Metaspace       used 57234K, capacity 58918K, committed 59264K, reserved 1099776K
  class space    used 7798K, capacity 8210K, committed 8320K, reserved 1048576K
GC Heap History (10 events):
Event: 16.774 GC heap before
{Heap before GC invocations=14 (full 2):
 PSYoungGen      total 76800K, used 75458K [0x00000000e0000000, 0x00000000e6a00000, 0x0000000100000000)
  eden space 66560K, 100% used [0x00000000e0000000,0x00000000e4100000,0x00000000e4100000)
  from space 10240K, 86% used [0x00000000e4100000,0x00000000e49b0b40,0x00000000e4b00000)
  to   space 10752K, 0% used [0x00000000e5f80000,0x00000000e5f80000,0x00000000e6a00000)
 ParOldGen       total 92672K, used 15083K [0x00000000a0000000, 0x00000000a5a80000, 0x00000000e0000000)
  object space 92672K, 16% used [0x00000000a0000000,0x00000000a0ebac40,0x00000000a5a80000)
 Metaspace       used 42935K, capacity 44012K, committed 44160K, reserved 1087488K
  class space    used 5923K, capacity 6213K, committed 6272K, reserved 1048576K
Event: 16.791 GC heap after
Heap after GC invocations=14 (full 2):
 PSYoungGen      total 95744K, used 10729K [0x00000000e0000000, 0x00000000e6d80000, 0x0000000100000000)
  eden space 84992K, 0% used [0x00000000e0000000,0x00000000e0000000,0x00000000e5300000)
  from space 10752K, 99% used [0x00000000e5f80000,0x00000000e69fa548,0x00000000e6a00000)
  to   space 12800K, 0% used [0x00000000e5300000,0x00000000e5300000,0x00000000e5f80000)
 ParOldGen       total 92672K, used 16545K [0x00000000a0000000, 0x00000000a5a80000, 0x00000000e0000000)
  object space 92672K, 17% used [0x00000000a0000000,0x00000000a1028770,0x00000000a5a80000)
 Metaspace       used 42935K, capacity 44012K, committed 44160K, reserved 1087488K
  class space    used 5923K, capacity 6213K, committed 6272K, reserved 1048576K
}
Event: 19.407 GC heap before
{Heap before GC invocations=15 (full 2):
 PSYoungGen      total 95744K, used 95721K [0x00000000e0000000, 0x00000000e6d80000, 0x0000000100000000)
  eden space 84992K, 100% used [0x00000000e0000000,0x00000000e5300000,0x00000000e5300000)
  from space 10752K, 99% used [0x00000000e5f80000,0x00000000e69fa548,0x00000000e6a00000)
  to   space 12800K, 0% used [0x00000000e5300000,0x00000000e5300000,0x00000000e5f80000)
 ParOldGen       total 92672K, used 16545K [0x00000000a0000000, 0x00000000a5a80000, 0x00000000e0000000)
  object space 92672K, 17% used [0x00000000a0000000,0x00000000a1028770,0x00000000a5a80000)
 Metaspace       used 51077K, capacity 52800K, committed 53120K, reserved 1095680K
  class space    used 7016K, capacity 7435K, committed 7552K, reserved 1048576K
Event: 19.431 GC heap after
Heap after GC invocations=15 (full 2):
 PSYoungGen      total 97792K, used 12771K [0x00000000e0000000, 0x00000000e6d80000, 0x0000000100000000)
  eden space 84992K, 0% used [0x00000000e0000000,0x00000000e0000000,0x00000000e5300000)
  from space 12800K, 99% used [0x00000000e5300000,0x00000000e5f78f70,0x00000000e5f80000)
  to   space 10752K, 0% used [0x00000000e5f80000,0x00000000e5f80000,0x00000000e6a00000)
 ParOldGen       total 92672K, used 20869K [0x00000000a0000000, 0x00000000a5a80000, 0x00000000e0000000)
  object space 92672K, 22% used [0x00000000a0000000,0x00000000a1461658,0x00000000a5a80000)
 Metaspace       used 51077K, capacity 52800K, committed 53120K, reserved 1095680K
  class space    used 7016K, capacity 7435K, committed 7552K, reserved 1048576K
}
Event: 40.151 GC heap before
{Heap before GC invocations=16 (full 2):
 PSYoungGen      total 97792K, used 97763K [0x00000000e0000000, 0x00000000e6d80000, 0x0000000100000000)
  eden space 84992K, 100% used [0x00000000e0000000,0x00000000e5300000,0x00000000e5300000)
  from space 12800K, 99% used [0x00000000e5300000,0x00000000e5f78f70,0x00000000e5f80000)
  to   space 10752K, 0% used [0x00000000e5f80000,0x00000000e5f80000,0x00000000e6a00000)
 ParOldGen       total 92672K, used 20869K [0x00000000a0000000, 0x00000000a5a80000, 0x00000000e0000000)
  object space 92672K, 22% used [0x00000000a0000000,0x00000000a1461658,0x00000000a5a80000)
 Metaspace       used 56981K, capacity 58732K, committed 58880K, reserved 1099776K
  class space    used 7758K, capacity 8173K, committed 8192K, reserved 1048576K
Event: 40.168 GC heap after
Heap after GC invocations=16 (full 2):
 PSYoungGen      total 93184K, used 9868K [0x00000000e0000000, 0x00000000e8580000, 0x0000000100000000)
  eden space 82432K, 0% used [0x00000000e0000000,0x00000000e0000000,0x00000000e5080000)
  from space 10752K, 91% used [0x00000000e5f80000,0x00000000e6923370,0x00000000e6a00000)
  to   space 15360K, 0% used [0x00000000e5080000,0x00000000e5080000,0x00000000e5f80000)
 ParOldGen       total 92672K, used 29281K [0x00000000a0000000, 0x00000000a5a80000, 0x00000000e0000000)
  object space 92672K, 31% used [0x00000000a0000000,0x00000000a1c98560,0x00000000a5a80000)
 Metaspace       used 56981K, capacity 58732K, committed 58880K, reserved 1099776K
  class space    used 7758K, capacity 8173K, committed 8192K, reserved 1048576K
}
Event: 42.996 GC heap before
{Heap before GC invocations=17 (full 2):
 PSYoungGen      total 93184K, used 21071K [0x00000000e0000000, 0x00000000e8580000, 0x0000000100000000)
  eden space 82432K, 13% used [0x00000000e0000000,0x00000000e0af08f0,0x00000000e5080000)
  from space 10752K, 91% used [0x00000000e5f80000,0x00000000e6923370,0x00000000e6a00000)
  to   space 15360K, 0% used [0x00000000e5080000,0x00000000e5080000,0x00000000e5f80000)
 ParOldGen       total 92672K, used 29281K [0x00000000a0000000, 0x00000000a5a80000, 0x00000000e0000000)
  object space 92672K, 31% used [0x00000000a0000000,0x00000000a1c98560,0x00000000a5a80000)
 Metaspace       used 57172K, capacity 58852K, committed 59008K, reserved 1099776K
  class space    used 7782K, capacity 8209K, committed 8320K, reserved 1048576K
Event: 43.004 GC heap after
Heap after GC invocations=17 (full 2):
 PSYoungGen      total 97792K, used 7105K [0x00000000e0000000, 0x00000000e8080000, 0x0000000100000000)
  eden space 82432K, 0% used [0x00000000e0000000,0x00000000e0000000,0x00000000e5080000)
  from space 15360K, 46% used [0x00000000e5080000,0x00000000e5770600,0x00000000e5f80000)
  to   space 15360K, 0% used [0x00000000e7180000,0x00000000e7180000,0x00000000e8080000)
 ParOldGen       total 92672K, used 29289K [0x00000000a0000000, 0x00000000a5a80000, 0x00000000e0000000)
  object space 92672K, 31% used [0x00000000a0000000,0x00000000a1c9a560,0x00000000a5a80000)
 Metaspace       used 57172K, capacity 58852K, committed 59008K, reserved 1099776K
  class space    used 7782K, capacity 8209K, committed 8320K, reserved 1048576K
}
Event: 43.004 GC heap before
{Heap before GC invocations=18 (full 3):
 PSYoungGen      total 97792K, used 7105K [0x00000000e0000000, 0x00000000e8080000, 0x0000000100000000)
  eden space 82432K, 0% used [0x00000000e0000000,0x00000000e0000000,0x00000000e5080000)
  from space 15360K, 46% used [0x00000000e5080000,0x00000000e5770600,0x00000000e5f80000)
  to   space 15360K, 0% used [0x00000000e7180000,0x00000000e7180000,0x00000000e8080000)
 ParOldGen       total 92672K, used 29289K [0x00000000a0000000, 0x00000000a5a80000, 0x00000000e0000000)
  object space 92672K, 31% used [0x00000000a0000000,0x00000000a1c9a560,0x00000000a5a80000)
 Metaspace       used 57172K, capacity 58852K, committed 59008K, reserved 1099776K
  class space    used 7782K, capacity 8209K, committed 8320K, reserved 1048576K
Event: 43.332 GC heap after
Heap after GC invocations=18 (full 3):
 PSYoungGen      total 97792K, used 0K [0x00000000e0000000, 0x00000000e8080000, 0x0000000100000000)
  eden space 82432K, 0% used [0x00000000e0000000,0x00000000e0000000,0x00000000e5080000)
  from space 15360K, 0% used [0x00000000e5080000,0x00000000e5080000,0x00000000e5f80000)
  to   space 15360K, 0% used [0x00000000e7180000,0x00000000e7180000,0x00000000e8080000)
 ParOldGen       total 141312K, used 33090K [0x00000000a0000000, 0x00000000a8a00000, 0x00000000e0000000)
  object space 141312K, 23% used [0x00000000a0000000,0x00000000a2050a38,0x00000000a8a00000)
 Metaspace       used 57172K, capacity 58852K, committed 59008K, reserved 1099776K
  class space    used 7782K, capacity 8209K, committed 8320K, reserved 1048576K
}

